<?xml version="1.0" encoding="UTF-8"?>
<testsuite xmlns:xsi="http://www.w3.org/2001/XMLSchema-instance" xsi:noNamespaceSchemaLocation="https://maven.apache.org/surefire/maven-surefire-plugin/xsd/surefire-test-report-3.0.xsd" version="3.0" name="com.czltnb.zhi_xiang_backend.user.mapper.UserMapperTest" time="6.723" tests="8" errors="0" skipped="0" failures="0">
  <properties>
[...]
</properties>
  <testcase name="shouldInsertAndFindById" classname="com.czltnb.zhi_xiang_backend.user.mapper.UserMapperTest" time="3.223">
    <system-out><![CDATA[Standard Commons Logging discovery in action with spring-jcl: please remove commons-logging.jar from classpath in order to avoid potential conflicts
11:01:59.150 [main] INFO org.springframework.test.context.support.AnnotationConfigContextLoaderUtils -- Could not detect default configuration classes for test class [com.czltnb.zhi_xiang_backend.user.mapper.UserMapperTest]: UserMapperTest does not declare any static, non-private, non-final, nested classes annotated with @Configuration.
11:01:59.348 [main] INFO org.springframework.boot.test.context.SpringBootTestContextBootstrapper -- Found @SpringBootConfiguration com.czltnb.zhi_xiang_backend.ZhiXiangBackendApplication for test class com.czltnb.zhi_xiang_backend.user.mapper.UserMapperTest

  .   ____          _            __ _ _
 /\\ / ___'_ __ _ _(_)_ __  __ _ \ \ \ \
( ( )\___ | '_ | '_| | '_ \/ _` | \ \ \ \
 \\/  ___)| |_)| | | | | || (_| |  ) ) ) )
  '  |____| .__|_| |_|_| |_\__, | / / / /
 =========|_|==============|___/=/_/_/_/
 :: Spring Boot ::                (v3.2.4)

2026-06-17T11:01:59.911+08:00  INFO 49076 --- [           main] c.c.z.user.mapper.UserMapperTest         : Starting UserMapperTest using Java 17.0.14 with PID 49076 (started by HP in E:\java_workspace\zhi_xiang\zhi_xiang_backend)
2026-06-17T11:01:59.912+08:00 DEBUG 49076 --- [           main] c.c.z.user.mapper.UserMapperTest         : Running with Spring Boot v3.2.4, Spring v6.1.5
2026-06-17T11:01:59.913+08:00  INFO 49076 --- [           main] c.c.z.user.mapper.UserMapperTest         : No active profile set, falling back to 1 default profile: "default"
2026-06-17T11:02:00.599+08:00  INFO 49076 --- [           main] beddedDataSourceBeanFactoryPostProcessor : Replacing 'dataSource' DataSource bean with embedded version
2026-06-17T11:02:01.329+08:00  INFO 49076 --- [           main] o.s.j.d.e.EmbeddedDatabaseFactory        : Starting embedded database: url='jdbc:h2:mem:6999d80a-1fce-4a6f-89b0-178b62aff3ad;DB_CLOSE_DELAY=-1;DB_CLOSE_ON_EXIT=false', username='sa'
2026-06-17T11:02:02.147+08:00  INFO 49076 --- [           main] c.c.z.user.mapper.UserMapperTest         : Started UserMapperTest in 2.681 seconds (process running for 4.086)
2026-06-17T11:02:05.292+08:00 DEBUG 49076 --- [           main] c.c.z.user.mapper.UserMapper.insert      : ==>  Preparing: INSERT INTO users ( phone, email, password_hash, nickname, avatar, bio, zg_id, gender, birthday, school, tags_json, created_at, updated_at ) VALUES ( ?, ?, ?, ?, ?, ?, ?, ?, ?, ?, ?, ?, ? )
2026-06-17T11:02:05.332+08:00 DEBUG 49076 --- [           main] c.c.z.user.mapper.UserMapper.insert      : ==> Parameters: 13800138000(String), test@example.com(String), hashed_password(String), 测试用户(String), null, null, null, null, null, null, null, 2026-06-17 11:02:05.2567568(Timestamp), 2026-06-17 11:02:05.2567568(Timestamp)
2026-06-17T11:02:05.341+08:00 DEBUG 49076 --- [           main] c.c.z.user.mapper.UserMapper.insert      : <==    Updates: 1
2026-06-17T11:02:05.353+08:00 DEBUG 49076 --- [           main] c.c.z.user.mapper.UserMapper.findById    : ==>  Preparing: SELECT * FROM users WHERE id = ?
2026-06-17T11:02:05.360+08:00 DEBUG 49076 --- [           main] c.c.z.user.mapper.UserMapper.findById    : ==> Parameters: 1(Long)
2026-06-17T11:02:05.377+08:00 DEBUG 49076 --- [           main] c.c.z.user.mapper.UserMapper.findById    : <==      Total: 1
]]></system-out>
  </testcase>
  <testcase name="shouldReturnNullForUnknownPhone" classname="com.czltnb.zhi_xiang_backend.user.mapper.UserMapperTest" time="0.011">
    <system-out><![CDATA[2026-06-17T11:02:05.410+08:00 DEBUG 49076 --- [           main] c.c.z.u.mapper.UserMapper.findByPhone    : ==>  Preparing: SELECT * FROM users WHERE phone = ? LIMIT 1
2026-06-17T11:02:05.410+08:00 DEBUG 49076 --- [           main] c.c.z.u.mapper.UserMapper.findByPhone    : ==> Parameters: 00000000000(String)
2026-06-17T11:02:05.413+08:00 DEBUG 49076 --- [           main] c.c.z.u.mapper.UserMapper.findByPhone    : <==      Total: 0
]]></system-out>
  </testcase>
  <testcase name="shouldCheckPhoneExistence" classname="com.czltnb.zhi_xiang_backend.user.mapper.UserMapperTest" time="0.027">
    <system-out><![CDATA[2026-06-17T11:02:05.421+08:00 DEBUG 49076 --- [           main] c.c.z.user.mapper.UserMapper.insert      : ==>  Preparing: INSERT INTO users ( phone, email, password_hash, nickname, avatar, bio, zg_id, gender, birthday, school, tags_json, created_at, updated_at ) VALUES ( ?, ?, ?, ?, ?, ?, ?, ?, ?, ?, ?, ?, ? )
2026-06-17T11:02:05.424+08:00 DEBUG 49076 --- [           main] c.c.z.user.mapper.UserMapper.insert      : ==> Parameters: 13600136000(String), null, null, 存在性测试(String), null, null, null, null, null, null, null, 2026-06-17 11:02:05.4214482(Timestamp), 2026-06-17 11:02:05.4214482(Timestamp)
2026-06-17T11:02:05.424+08:00 DEBUG 49076 --- [           main] c.c.z.user.mapper.UserMapper.insert      : <==    Updates: 1
2026-06-17T11:02:05.424+08:00 DEBUG 49076 --- [           main] c.c.z.u.mapper.UserMapper.existsByPhone  : ==>  Preparing: SELECT EXISTS( SELECT 1 FROM users WHERE phone = ? )
2026-06-17T11:02:05.428+08:00 DEBUG 49076 --- [           main] c.c.z.u.mapper.UserMapper.existsByPhone  : ==> Parameters: 13600136000(String)
2026-06-17T11:02:05.436+08:00 DEBUG 49076 --- [           main] c.c.z.u.mapper.UserMapper.existsByPhone  : <==      Total: 1
2026-06-17T11:02:05.437+08:00 DEBUG 49076 --- [           main] c.c.z.u.mapper.UserMapper.existsByPhone  : ==>  Preparing: SELECT EXISTS( SELECT 1 FROM users WHERE phone = ? )
2026-06-17T11:02:05.437+08:00 DEBUG 49076 --- [           main] c.c.z.u.mapper.UserMapper.existsByPhone  : ==> Parameters: 00000000000(String)
2026-06-17T11:02:05.438+08:00 DEBUG 49076 --- [           main] c.c.z.u.mapper.UserMapper.existsByPhone  : <==      Total: 1
]]></system-out>
  </testcase>
  <testcase name="shouldUpdateProfile" classname="com.czltnb.zhi_xiang_backend.user.mapper.UserMapperTest" time="0.057">
    <system-out><![CDATA[2026-06-17T11:02:05.448+08:00 DEBUG 49076 --- [           main] c.c.z.user.mapper.UserMapper.insert      : ==>  Preparing: INSERT INTO users ( phone, email, password_hash, nickname, avatar, bio, zg_id, gender, birthday, school, tags_json, created_at, updated_at ) VALUES ( ?, ?, ?, ?, ?, ?, ?, ?, ?, ?, ?, ?, ? )
2026-06-17T11:02:05.452+08:00 DEBUG 49076 --- [           main] c.c.z.user.mapper.UserMapper.insert      : ==> Parameters: 13500135000(String), null, null, 原始昵称(String), null, 原始简介(String), null, male(String), 2000-01-01(LocalDate), 原始学校(String), null, 2026-06-17 11:02:05.4483087(Timestamp), 2026-06-17 11:02:05.4483087(Timestamp)
2026-06-17T11:02:05.453+08:00 DEBUG 49076 --- [           main] c.c.z.user.mapper.UserMapper.insert      : <==    Updates: 1
2026-06-17T11:02:05.487+08:00 DEBUG 49076 --- [           main] c.c.z.u.mapper.UserMapper.updateProfile  : ==>  Preparing: UPDATE users SET nickname = ?, bio = ?, gender = ?, birthday = ?, school = ?, updated_at = NOW() WHERE id = ?
2026-06-17T11:02:05.495+08:00 DEBUG 49076 --- [           main] c.c.z.u.mapper.UserMapper.updateProfile  : ==> Parameters: 新昵称(String), 新简介(String), male(String), 2000-01-01(LocalDate), 新学校(String), 3(Long)
2026-06-17T11:02:05.495+08:00 DEBUG 49076 --- [           main] c.c.z.u.mapper.UserMapper.updateProfile  : <==    Updates: 1
2026-06-17T11:02:05.495+08:00 DEBUG 49076 --- [           main] c.c.z.user.mapper.UserMapper.findById    : ==>  Preparing: SELECT * FROM users WHERE id = ?
2026-06-17T11:02:05.498+08:00 DEBUG 49076 --- [           main] c.c.z.user.mapper.UserMapper.findById    : ==> Parameters: 3(Long)
2026-06-17T11:02:05.498+08:00 DEBUG 49076 --- [           main] c.c.z.user.mapper.UserMapper.findById    : <==      Total: 1
]]></system-out>
  </testcase>
  <testcase name="shouldUpdatePassword" classname="com.czltnb.zhi_xiang_backend.user.mapper.UserMapperTest" time="0.007">
    <system-out><![CDATA[2026-06-17T11:02:05.506+08:00 DEBUG 49076 --- [           main] c.c.z.user.mapper.UserMapper.insert      : ==>  Preparing: INSERT INTO users ( phone, email, password_hash, nickname, avatar, bio, zg_id, gender, birthday, school, tags_json, created_at, updated_at ) VALUES ( ?, ?, ?, ?, ?, ?, ?, ?, ?, ?, ?, ?, ? )
2026-06-17T11:02:05.506+08:00 DEBUG 49076 --- [           main] c.c.z.user.mapper.UserMapper.insert      : ==> Parameters: 13700137000(String), null, old_hash(String), 密码测试(String), null, null, null, null, null, null, null, 2026-06-17 11:02:05.5064308(Timestamp), 2026-06-17 11:02:05.5064308(Timestamp)
2026-06-17T11:02:05.507+08:00 DEBUG 49076 --- [           main] c.c.z.user.mapper.UserMapper.insert      : <==    Updates: 1
2026-06-17T11:02:05.507+08:00 DEBUG 49076 --- [           main] c.c.z.u.m.UserMapper.updatePassword      : ==>  Preparing: UPDATE users SET password_hash = ?, updated_at = NOW() WHERE id = ?
2026-06-17T11:02:05.508+08:00 DEBUG 49076 --- [           main] c.c.z.u.m.UserMapper.updatePassword      : ==> Parameters: new_hash(String), 4(Long)
2026-06-17T11:02:05.508+08:00 DEBUG 49076 --- [           main] c.c.z.u.m.UserMapper.updatePassword      : <==    Updates: 1
2026-06-17T11:02:05.508+08:00 DEBUG 49076 --- [           main] c.c.z.user.mapper.UserMapper.findById    : ==>  Preparing: SELECT * FROM users WHERE id = ?
2026-06-17T11:02:05.508+08:00 DEBUG 49076 --- [           main] c.c.z.user.mapper.UserMapper.findById    : ==> Parameters: 4(Long)
2026-06-17T11:02:05.509+08:00 DEBUG 49076 --- [           main] c.c.z.user.mapper.UserMapper.findById    : <==      Total: 1
]]></system-out>
  </testcase>
  <testcase name="shouldFindByEmail" classname="com.czltnb.zhi_xiang_backend.user.mapper.UserMapperTest" time="0.007">
    <system-out><![CDATA[2026-06-17T11:02:05.513+08:00 DEBUG 49076 --- [           main] c.c.z.user.mapper.UserMapper.insert      : ==>  Preparing: INSERT INTO users ( phone, email, password_hash, nickname, avatar, bio, zg_id, gender, birthday, school, tags_json, created_at, updated_at ) VALUES ( ?, ?, ?, ?, ?, ?, ?, ?, ?, ?, ?, ?, ? )
2026-06-17T11:02:05.513+08:00 DEBUG 49076 --- [           main] c.c.z.user.mapper.UserMapper.insert      : ==> Parameters: null, findme@example.com(String), null, 邮箱查询用户(String), null, null, null, null, null, null, null, 2026-06-17 11:02:05.5131122(Timestamp), 2026-06-17 11:02:05.5131122(Timestamp)
2026-06-17T11:02:05.514+08:00 DEBUG 49076 --- [           main] c.c.z.user.mapper.UserMapper.insert      : <==    Updates: 1
2026-06-17T11:02:05.514+08:00 DEBUG 49076 --- [           main] c.c.z.u.mapper.UserMapper.findByEmail    : ==>  Preparing: SELECT * FROM users WHERE email = ? LIMIT 1
2026-06-17T11:02:05.514+08:00 DEBUG 49076 --- [           main] c.c.z.u.mapper.UserMapper.findByEmail    : ==> Parameters: findme@example.com(String)
2026-06-17T11:02:05.516+08:00 DEBUG 49076 --- [           main] c.c.z.u.mapper.UserMapper.findByEmail    : <==      Total: 1
]]></system-out>
  </testcase>
  <testcase name="shouldFindByPhone" classname="com.czltnb.zhi_xiang_backend.user.mapper.UserMapperTest" time="0.009">
    <system-out><![CDATA[2026-06-17T11:02:05.521+08:00 DEBUG 49076 --- [           main] c.c.z.user.mapper.UserMapper.insert      : ==>  Preparing: INSERT INTO users ( phone, email, password_hash, nickname, avatar, bio, zg_id, gender, birthday, school, tags_json, created_at, updated_at ) VALUES ( ?, ?, ?, ?, ?, ?, ?, ?, ?, ?, ?, ?, ? )
2026-06-17T11:02:05.521+08:00 DEBUG 49076 --- [           main] c.c.z.user.mapper.UserMapper.insert      : ==> Parameters: 13900139000(String), null, null, 手机号用户(String), null, null, null, null, null, null, null, 2026-06-17 11:02:05.5210809(Timestamp), 2026-06-17 11:02:05.5210809(Timestamp)
2026-06-17T11:02:05.522+08:00 DEBUG 49076 --- [           main] c.c.z.user.mapper.UserMapper.insert      : <==    Updates: 1
2026-06-17T11:02:05.523+08:00 DEBUG 49076 --- [           main] c.c.z.u.mapper.UserMapper.findByPhone    : ==>  Preparing: SELECT * FROM users WHERE phone = ? LIMIT 1
2026-06-17T11:02:05.525+08:00 DEBUG 49076 --- [           main] c.c.z.u.mapper.UserMapper.findByPhone    : ==> Parameters: 13900139000(String)
2026-06-17T11:02:05.526+08:00 DEBUG 49076 --- [           main] c.c.z.u.mapper.UserMapper.findByPhone    : <==      Total: 1
]]></system-out>
  </testcase>
  <testcase name="shouldListByIds" classname="com.czltnb.zhi_xiang_backend.user.mapper.UserMapperTest" time="0.014">
    <system-out><![CDATA[2026-06-17T11:02:05.531+08:00 DEBUG 49076 --- [           main] c.c.z.user.mapper.UserMapper.insert      : ==>  Preparing: INSERT INTO users ( phone, email, password_hash, nickname, avatar, bio, zg_id, gender, birthday, school, tags_json, created_at, updated_at ) VALUES ( ?, ?, ?, ?, ?, ?, ?, ?, ?, ?, ?, ?, ? )
2026-06-17T11:02:05.531+08:00 DEBUG 49076 --- [           main] c.c.z.user.mapper.UserMapper.insert      : ==> Parameters: 13100131001(String), null, null, 用户1(String), null, null, null, null, null, null, null, 2026-06-17 11:02:05.5301606(Timestamp), 2026-06-17 11:02:05.5301606(Timestamp)
2026-06-17T11:02:05.531+08:00 DEBUG 49076 --- [           main] c.c.z.user.mapper.UserMapper.insert      : <==    Updates: 1
2026-06-17T11:02:05.531+08:00 DEBUG 49076 --- [           main] c.c.z.user.mapper.UserMapper.insert      : ==>  Preparing: INSERT INTO users ( phone, email, password_hash, nickname, avatar, bio, zg_id, gender, birthday, school, tags_json, created_at, updated_at ) VALUES ( ?, ?, ?, ?, ?, ?, ?, ?, ?, ?, ?, ?, ? )
2026-06-17T11:02:05.532+08:00 DEBUG 49076 --- [           main] c.c.z.user.mapper.UserMapper.insert      : ==> Parameters: 13100131002(String), null, null, 用户2(String), null, null, null, null, null, null, null, 2026-06-17 11:02:05.5301606(Timestamp), 2026-06-17 11:02:05.5301606(Timestamp)
2026-06-17T11:02:05.533+08:00 DEBUG 49076 --- [           main] c.c.z.user.mapper.UserMapper.insert      : <==    Updates: 1
2026-06-17T11:02:05.537+08:00 DEBUG 49076 --- [           main] c.c.z.user.mapper.UserMapper.listByIds   : ==>  Preparing: SELECT * FROM users WHERE id IN ( ? , ? )
2026-06-17T11:02:05.538+08:00 DEBUG 49076 --- [           main] c.c.z.user.mapper.UserMapper.listByIds   : ==> Parameters: 7(Long), 8(Long)
2026-06-17T11:02:05.540+08:00 DEBUG 49076 --- [           main] c.c.z.user.mapper.UserMapper.listByIds   : <==      Total: 2
]]></system-out>
  </testcase>
</testsuite>