<?xml version="1.0" encoding="UTF-8"?>
<testsuite xmlns:xsi="http://www.w3.org/2001/XMLSchema-instance" xsi:noNamespaceSchemaLocation="https://maven.apache.org/surefire/maven-surefire-plugin/xsd/surefire-test-report-3.0.xsd" version="3.0" name="com.czltnb.zhi_xiang_backend.ZhiXiangBackendApplicationTests" time="8.824" tests="1" errors="0" skipped="0" failures="0">
  <properties>
[...]
</properties>
  <testcase name="contextLoads" classname="com.czltnb.zhi_xiang_backend.ZhiXiangBackendApplicationTests" time="2.819">
    <system-out><![CDATA[Standard Commons Logging discovery in action with spring-jcl: please remove commons-logging.jar from classpath in order to avoid potential conflicts
19:39:20.338 [main] INFO org.springframework.test.context.support.AnnotationConfigContextLoaderUtils -- Could not detect default configuration classes for test class [com.czltnb.zhi_xiang_backend.ZhiXiangBackendApplicationTests]: ZhiXiangBackendApplicationTests does not declare any static, non-private, non-final, nested classes annotated with @Configuration.
19:39:20.481 [main] INFO org.springframework.boot.test.context.SpringBootTestContextBootstrapper -- Found @SpringBootConfiguration com.czltnb.zhi_xiang_backend.ZhiXiangBackendApplication for test class com.czltnb.zhi_xiang_backend.ZhiXiangBackendApplicationTests

  .   ____          _            __ _ _
 /\\ / ___'_ __ _ _(_)_ __  __ _ \ \ \ \
( ( )\___ | '_ | '_| | '_ \/ _` | \ \ \ \
 \\/  ___)| |_)| | | | | || (_| |  ) ) ) )
  '  |____| .__|_| |_|_| |_\__, | / / / /
 =========|_|==============|___/=/_/_/_/
 :: Spring Boot ::                (v3.2.4)

2026-06-17T19:39:21.069+08:00  INFO 17184 --- [           main] c.c.z.ZhiXiangBackendApplicationTests    : Starting ZhiXiangBackendApplicationTests using Java 17.0.14 with PID 17184 (started by HP in E:\java_workspace\zhi_xiang\zhi_xiang_backend)
2026-06-17T19:39:21.071+08:00  INFO 17184 --- [           main] c.c.z.ZhiXiangBackendApplicationTests    : No active profile set, falling back to 1 default profile: "default"
2026-06-17T19:39:23.345+08:00  INFO 17184 --- [           main] com.zaxxer.hikari.HikariDataSource       : HikariPool-1 - Starting...
2026-06-17T19:39:23.783+08:00  INFO 17184 --- [           main] com.zaxxer.hikari.pool.HikariPool        : HikariPool-1 - Added connection conn0: url=jdbc:h2:mem:testdb user=SA
2026-06-17T19:39:23.785+08:00  INFO 17184 --- [           main] com.zaxxer.hikari.HikariDataSource       : HikariPool-1 - Start completed.
2026-06-17T19:39:26.022+08:00  INFO 17184 --- [           main] o.s.b.a.e.web.EndpointLinksResolver      : Exposing 1 endpoint(s) beneath base path '/actuator'
2026-06-17T19:39:26.112+08:00  INFO 17184 --- [           main] c.c.z.ZhiXiangBackendApplicationTests    : Started ZhiXiangBackendApplicationTests in 5.406 seconds (process running for 6.654)
]]></system-out>
  </testcase>
</testsuite>